<?xml version="1.0" encoding="UTF-8"?>
<testsuite name="com.system.StringUtilsTest" tests="1" skipped="0" failures="0" errors="0" timestamp="2022-06-03T09:15:30" hostname="LAPTOP-HLQPV82F" time="0.022">
  <properties/>
  <testcase name="IsPositiveNumber" classname="com.system.StringUtilsTest" time="0.022"/>
  <system-out><![CDATA[]]></system-out>
  <system-err><![CDATA[]]></system-err>
</testsuite>
